username: Yanbing Zhao
email: zzzz@mail.ustc.edu.cn
date: Sun Jan  3 00:00:00 CST 2016(1451750400)

commit at Sun Dec 28 19:59:59 CST 2014(1419767999)
commit at Sun Dec 28 20:00:01 CST 2014(1419768001)
commit at Mon Dec 29 19:59:59 CST 2014(1419854399)
commit at Mon Dec 29 20:00:01 CST 2014(1419854401)
commit at Tue Dec 30 19:59:59 CST 2014(1419940799)
commit at Tue Dec 30 20:00:01 CST 2014(1419940801)
commit at Wed Dec 31 19:59:59 CST 2014(1420027199)
commit at Wed Dec 31 20:00:01 CST 2014(1420027201)
commit at Thu Jan  1 19:59:59 CST 2015(1420113599)
commit at Thu Jan  1 20:00:01 CST 2015(1420113601)
commit at Fri Jan  2 19:59:59 CST 2015(1420199999)
commit at Fri Jan  2 20:00:01 CST 2015(1420200001)
commit at Sat Jan  3 19:59:59 CST 2015(1420286399)
commit at Sat Jan  3 20:00:01 CST 2015(1420286401)
commit at Sun Jan  4 19:59:59 CST 2015(1420372799)
commit at Sun Jan  4 20:00:01 CST 2015(1420372801)
commit at Mon Jan  5 19:59:59 CST 2015(1420459199)
commit at Mon Jan  5 20:00:01 CST 2015(1420459201)
commit at Tue Jan  6 19:59:59 CST 2015(1420545599)
commit at Tue Jan  6 20:00:01 CST 2015(1420545601)
commit at Wed Jan  7 19:59:59 CST 2015(1420631999)
commit at Wed Jan  7 20:00:01 CST 2015(1420632001)
commit at Thu Jan  8 19:59:59 CST 2015(1420718399)
commit at Thu Jan  8 20:00:01 CST 2015(1420718401)
commit at Fri Jan  9 19:59:59 CST 2015(1420804799)
commit at Fri Jan  9 20:00:01 CST 2015(1420804801)
commit at Sat Jan 10 19:59:59 CST 2015(1420891199)
commit at Sat Jan 10 20:00:01 CST 2015(1420891201)
commit at Sun Jan 11 19:59:59 CST 2015(1420977599)
commit at Sun Jan 11 20:00:01 CST 2015(1420977601)
commit at Mon Jan 12 19:59:59 CST 2015(1421063999)
commit at Mon Jan 12 20:00:01 CST 2015(1421064001)
commit at Tue Jan 13 19:59:59 CST 2015(1421150399)
commit at Tue Jan 13 20:00:01 CST 2015(1421150401)
